<?xml version="1.0" encoding="UTF-8"?>
<!-- Generated by org.testng.reporters.JUnitReportReporter -->
<testsuite hostname="DESKTOP-ECEQEH3" failures="0" tests="4" name="testLayer.LoginTestcases" time="32.262" errors="0" timestamp="2023-04-25T00:03:09 EDT" skipped="0">
  <testcase classname="testLayer.LoginTestcases" name="Title" time="4.695"/>
  <system-out/>
  <testcase classname="testLayer.LoginTestcases" name="login" time="8.727"/>
  <system-out/>
  <testcase classname="testLayer.LoginTestcases" name="login" time="8.615"/>
  <system-out/>
  <testcase classname="testLayer.LoginTestcases" name="login" time="10.225"/>
  <system-out/>
</testsuite> <!-- testLayer.LoginTestcases -->
